<?xml version="1.0" encoding="UTF-8"?>
<!-- Generated by org.testng.reporters.JUnitReportReporter -->
<testsuite hostname="DALE-TEST082" failures="0" tests="1" name="com.perigon.tests.Base" time="7.642" errors="0" timestamp="2022-02-24T11:30:50 CET" skipped="0">
  <testcase classname="com.perigon.tests.Base" name="loginTOApplication" time="7.642"/>
  <system-out/>
</testsuite> <!-- com.perigon.tests.Base -->
