<?xml version="1.0" encoding="UTF-8"?>
<!-- Generated by org.testng.reporters.JUnitReportReporter -->
<testsuite hostname="DALE-TEST082" failures="0" tests="1" name="com.perigon.tests.Login" time="13.291" errors="0" timestamp="2022-02-17T11:36:43 CET" skipped="0">
  <testcase classname="com.perigon.tests.Login" name="loginTOApplication" time="13.291"/>
  <system-out/>
</testsuite> <!-- com.perigon.tests.Login -->
