<?xml version="1.0" encoding="UTF-8"?>
<!-- Generated by org.testng.reporters.JUnitReportReporter -->
<testsuite hostname="DALE-TEST082" failures="0" tests="1" name="com.perigon.utilities.ExcelUtilities" time="0.840" errors="0" timestamp="2022-03-10T14:55:25 CET" skipped="0">
  <testcase classname="com.perigon.utilities.ExcelUtilities" name="readExcel" time="0.840"/>
  <system-out/>
</testsuite> <!-- com.perigon.utilities.ExcelUtilities -->
