<?xml version="1.0" encoding="UTF-8"?>
<!-- Generated by org.testng.reporters.JUnitReportReporter -->
<testsuite hostname="DALE-TEST082" failures="0" tests="1" name="PerigonTests.PerigonAutomation.HelloWorld" time="0.014" errors="0" timestamp="2022-02-15T06:57:37 CET" skipped="0">
  <testcase classname="PerigonTests.PerigonAutomation.HelloWorld" name="f00" time="0.014"/>
  <system-out/>
</testsuite> <!-- PerigonTests.PerigonAutomation.HelloWorld -->
